<?xml version="1.0" encoding="UTF-8"?>
<!-- Generated by org.testng.reporters.JUnitXMLReporter -->
<testsuite ignored="0" hostname="LAPTOP-P7MGDSJK" failures="0" tests="6" name="OpenCart Tests" time="86.243" errors="0" timestamp="2022-07-08T11:08:57 EDT">
  <testcase classname="testCases.TC_001_AccountRegistration" name="test_accout_Registration" time="9.067"/>
  <testcase classname="testCases.TC_002_Login" name="test_Login" time="5.522"/>
  <testcase classname="testCases.TC_003_LoginDDT" name="test_LoginDDT" time="5.806"/>
  <testcase classname="testCases.TC_003_LoginDDT" name="test_LoginDDT" time="13.134"/>
  <testcase classname="testCases.TC_003_LoginDDT" name="test_LoginDDT" time="20.445"/>
  <testcase classname="testCases.TC_003_LoginDDT" name="test_LoginDDT" time="13.306"/>
</testsuite> <!-- OpenCart Tests -->
