<?xml version="1.0" encoding="UTF-8"?>
<!-- Generated by org.testng.reporters.JUnitXMLReporter -->
<testsuite ignored="0" hostname="LAPTOP-P7MGDSJK" failures="0" tests="6" name="OpenCart Tests" time="60.671" errors="0" timestamp="2022-07-10T15:08:12 EDT">
  <testcase classname="testCases.TC_001_AccountRegistration" name="test_accout_Registration" time="5.995"/>
  <testcase classname="testCases.TC_002_Login" name="test_Login" time="3.339"/>
  <testcase classname="testCases.TC_003_LoginDDT" name="test_LoginDDT" time="3.009"/>
  <testcase classname="testCases.TC_003_LoginDDT" name="test_LoginDDT" time="11.299"/>
  <testcase classname="testCases.TC_003_LoginDDT" name="test_LoginDDT" time="11.429"/>
  <testcase classname="testCases.TC_003_LoginDDT" name="test_LoginDDT" time="11.513"/>
</testsuite> <!-- OpenCart Tests -->
