<?xml version="1.0" encoding="UTF-8"?>
<!-- Generated by org.testng.reporters.JUnitXMLReporter -->
<testsuite ignored="0" hostname="LAPTOP-P7MGDSJK" failures="0" tests="6" name="OpenCart Tests" time="85.564" errors="0" timestamp="2022-07-08T11:05:49 EDT">
  <testcase classname="testCases.TC_001_AccountRegistration" name="test_accout_Registration" time="13.24"/>
  <testcase classname="testCases.TC_002_Login" name="test_Login" time="5.038"/>
  <testcase classname="testCases.TC_003_LoginDDT" name="test_LoginDDT" time="6.504"/>
  <testcase classname="testCases.TC_003_LoginDDT" name="test_LoginDDT" time="13.031"/>
  <testcase classname="testCases.TC_003_LoginDDT" name="test_LoginDDT" time="14.067"/>
  <testcase classname="testCases.TC_003_LoginDDT" name="test_LoginDDT" time="13.824"/>
</testsuite> <!-- OpenCart Tests -->
